TN:
SF:src\modules\appointments\services\CreateAppointmentService.ts
FN:13,(anonymous_18)
FN:14,CreateAppointmentService
FN:19,(anonymous_20)
FNF:3
FNH:3
FNDA:1,(anonymous_18)
FNDA:2,CreateAppointmentService
FNDA:3,(anonymous_20)
DA:1,1
DA:2,1
DA:3,1
DA:13,1
DA:16,2
DA:19,3
DA:21,3
DA:23,3
DA:27,3
DA:28,1
DA:31,2
DA:36,2
DA:38,1
DA:39,1
LF:14
LH:14
BRDA:27,0,0,1
BRDA:27,0,1,2
BRF:2
BRH:2
end_of_record
TN:
SF:src\modules\users\services\AuthenticateUserService.ts
FN:18,(anonymous_18)
FN:19,AuthenticateUserSevice
FN:27,(anonymous_20)
FNF:3
FNH:3
FNDA:1,(anonymous_18)
FNDA:3,AuthenticateUserSevice
FNDA:3,(anonymous_20)
DA:1,1
DA:2,1
DA:3,1
DA:4,1
DA:18,1
DA:21,3
DA:24,3
DA:27,3
DA:28,3
DA:29,3
DA:30,1
DA:32,2
DA:36,2
DA:37,1
DA:39,1
DA:40,1
DA:44,1
DA:46,1
DA:48,1
DA:49,1
LF:20
LH:20
BRDA:28,0,0,3
BRDA:29,1,0,1
BRDA:29,1,1,2
BRDA:36,2,0,1
BRDA:36,2,1,1
BRF:5
BRH:5
end_of_record
TN:
SF:src\modules\users\services\CreateUserService.ts
FN:13,(anonymous_18)
FN:14,CreateUserService
FN:22,(anonymous_20)
FNF:3
FNH:3
FNDA:2,(anonymous_18)
FNDA:4,CreateUserService
FNDA:5,(anonymous_20)
DA:1,2
DA:2,2
DA:13,2
DA:16,4
DA:19,4
DA:22,5
DA:23,5
DA:24,5
DA:25,1
DA:27,4
DA:28,4
DA:34,4
DA:36,2
DA:37,2
LF:14
LH:14
BRDA:23,0,0,5
BRDA:24,1,0,1
BRDA:24,1,1,4
BRF:3
BRH:3
end_of_record
TN:
SF:src\modules\users\services\UpdateUserAvatarService.ts
FN:15,(anonymous_18)
FN:16,UpdateUserAvatarService
FN:23,(anonymous_20)
FNF:3
FNH:3
FNDA:1,(anonymous_18)
FNDA:3,UpdateUserAvatarService
FNDA:4,(anonymous_20)
DA:4,1
DA:5,1
DA:15,1
DA:18,3
DA:20,3
DA:23,4
DA:24,4
DA:25,4
DA:26,1
DA:28,5
DA:29,2
DA:31,3
DA:32,3
DA:33,6
DA:34,3
DA:36,1
DA:37,1
LF:17
LH:17
BRDA:24,0,0,4
BRDA:24,0,1,3
BRDA:25,1,0,1
BRDA:25,1,1,3
BRDA:28,2,0,2
BRDA:28,2,1,1
BRF:6
BRH:6
end_of_record
